17:59:42 **** Incremental Build of configuration Release for project Routenplaner ****
make all 
Building file: ../hilfsklassen/BenutzerInterface.cpp
Invoking: Cross G++ Compiler
g++ -O3 -Wall -c -fmessage-length=0  -std=c++11 -MMD -MP -MF"hilfsklassen/BenutzerInterface.d" -MT"hilfsklassen/BenutzerInterface.d" -o "hilfsklassen/BenutzerInterface.o" "../hilfsklassen/BenutzerInterface.cpp"
Finished building: ../hilfsklassen/BenutzerInterface.cpp
 
Building file: ../geopunkte/Gebietslokation.cpp
Invoking: Cross G++ Compiler
g++ -O3 -Wall -c -fmessage-length=0  -std=c++11 -MMD -MP -MF"geopunkte/Gebietslokation.d" -MT"geopunkte/Gebietslokation.d" -o "geopunkte/Gebietslokation.o" "../geopunkte/Gebietslokation.cpp"
Finished building: ../geopunkte/Gebietslokation.cpp
 
Building file: ../geopunkte/Linearlokation.cpp
Invoking: Cross G++ Compiler
g++ -O3 -Wall -c -fmessage-length=0  -std=c++11 -MMD -MP -MF"geopunkte/Linearlokation.d" -MT"geopunkte/Linearlokation.d" -o "geopunkte/Linearlokation.o" "../geopunkte/Linearlokation.cpp"
Finished building: ../geopunkte/Linearlokation.cpp
 
Building file: ../geopunkte/Punktlokation.cpp
Invoking: Cross G++ Compiler
g++ -O3 -Wall -c -fmessage-length=0  -std=c++11 -MMD -MP -MF"geopunkte/Punktlokation.d" -MT"geopunkte/Punktlokation.d" -o "geopunkte/Punktlokation.o" "../geopunkte/Punktlokation.cpp"
Finished building: ../geopunkte/Punktlokation.cpp
 
Building target: Routenplaner
Invoking: Cross G++ Linker
g++  -o "Routenplaner"  ./reader/FileOpener.o  ./hilfsklassen/Aktualitaet.o ./hilfsklassen/BenutzerInterface.o ./hilfsklassen/GeoKoordinate.o  ./geopunkte/Gebietslokation.o ./geopunkte/Linearlokation.o ./geopunkte/LokationsVerwaltung.o ./geopunkte/Punktlokation.o  ./exceptions/FileNotFoundException.o ./exceptions/ZeitException.o  ./.metadata/.plugins/org.eclipse.cdt.make.core/specs.o  ./Hello.o   
Finished building target: Routenplaner
 

17:59:44 Build Finished (took 2s.394ms)

